<?xml version="1.0" encoding="UTF-8"?>
<!-- Generated by org.testng.reporters.JUnitReportReporter -->
<testsuite skipped="0" hostname="MONO-HYD-LAP-9" name="com.cp.MainTestClass.RunnableTestClass" tests="1" failures="0" timestamp="10 Jul 2020 10:00:52 GMT" time="121.204" errors="0">
  <testcase name="CareproductQuotationPage" time="121.204" classname="com.cp.MainTestClass.RunnableTestClass"/>
</testsuite> <!-- com.cp.MainTestClass.RunnableTestClass -->
