<?xml version="1.0" encoding="UTF-8"?>
<!-- Generated by org.testng.reporters.JUnitReportReporter -->
<testsuite skipped="0" hostname="MONO-HYD-LAP-9" name="com.cp.Base.BaseClass" tests="1" failures="0" timestamp="06 Jul 2020 11:50:26 GMT" time="12.530" errors="0">
  <testcase name="PaymentMode" time="12.530" classname="com.cp.Base.BaseClass"/>
</testsuite> <!-- com.cp.Base.BaseClass -->
